[    1587ms] [INFO] %cDownload the React DevTools for a better development experience: https://react.dev/link/react-devtools font-weight:bold @ http://localhost:3000/_next/static/chunks/03xv_next_dist_0f4_07w._.js:2477
[    1617ms] [LOG] [HMR] connected @ http://localhost:3000/_next/static/chunks/03xv_next_dist_0f4_07w._.js:2477
[    1762ms] [WARNING] Image with src "https://ignlzahslkkfucgnekkb.supabase.co/storage/v1/object/public/exercise-images/d8f491fe-44c4-4d13-bdf4-7af7f0d4086c-admin-dashboard.png" was detected as the Largest Contentful Paint (LCP). Please add the `loading="eager"` property if this image is above the fold.
Read more: https://nextjs.org/docs/app/api-reference/components/image#loading @ http://localhost:3000/_next/static/chunks/03xv_next_dist_0f4_07w._.js:2477
[    1773ms] [LOG] [Fast Refresh] rebuilding @ http://localhost:3000/_next/static/chunks/03xv_next_dist_0f4_07w._.js:2477
[    1882ms] [LOG] [Fast Refresh] done in 220ms @ http://localhost:3000/_next/static/chunks/03xv_next_dist_0f4_07w._.js:2477
[    2269ms] [LOG] [Fast Refresh] rebuilding @ http://localhost:3000/_next/static/chunks/03xv_next_dist_0f4_07w._.js:2477
[    3163ms] [LOG] [Fast Refresh] done in 1003ms @ http://localhost:3000/_next/static/chunks/03xv_next_dist_0f4_07w._.js:2477
[   34165ms] [LOG] [Fast Refresh] rebuilding @ http://localhost:3000/_next/static/chunks/03xv_next_dist_0f4_07w._.js:2477
[   34274ms] [LOG] [Fast Refresh] done in 224ms @ http://localhost:3000/_next/static/chunks/03xv_next_dist_0f4_07w._.js:2477
[   34589ms] [LOG] [Fast Refresh] rebuilding @ http://localhost:3000/_next/static/chunks/03xv_next_dist_0f4_07w._.js:2477
[   35510ms] [LOG] [Fast Refresh] done in 1032ms @ http://localhost:3000/_next/static/chunks/03xv_next_dist_0f4_07w._.js:2477
[ 2868339ms] [LOG] [Fast Refresh] rebuilding @ http://localhost:3000/_next/static/chunks/03xv_next_dist_0f4_07w._.js:2477
[ 2868590ms] [LOG] [Fast Refresh] done in 317ms @ http://localhost:3000/_next/static/chunks/03xv_next_dist_0f4_07w._.js:2477
[12193789ms] [LOG] [Fast Refresh] rebuilding @ http://localhost:3000/_next/static/chunks/03xv_next_dist_0f4_07w._.js:2477
[12194121ms] [LOG] [Fast Refresh] done in 433ms @ http://localhost:3000/_next/static/chunks/03xv_next_dist_0f4_07w._.js:2477
[12194260ms] [LOG] [Fast Refresh] rebuilding @ http://localhost:3000/_next/static/chunks/03xv_next_dist_0f4_07w._.js:2477
[12194530ms] [LOG] [Fast Refresh] done in 372ms @ http://localhost:3000/_next/static/chunks/03xv_next_dist_0f4_07w._.js:2477
[12196061ms] [LOG] [Fast Refresh] rebuilding @ http://localhost:3000/_next/static/chunks/03xv_next_dist_0f4_07w._.js:2477
[12196838ms] [LOG] [Fast Refresh] done in 878ms @ http://localhost:3000/_next/static/chunks/03xv_next_dist_0f4_07w._.js:2477
[12199616ms] [LOG] [Fast Refresh] rebuilding @ http://localhost:3000/_next/static/chunks/03xv_next_dist_0f4_07w._.js:2477
[12199665ms] [LOG] [Fast Refresh] done in 153ms @ http://localhost:3000/_next/static/chunks/03xv_next_dist_0f4_07w._.js:2477
[12199844ms] [LOG] [Fast Refresh] rebuilding @ http://localhost:3000/_next/static/chunks/03xv_next_dist_0f4_07w._.js:2477
[12199858ms] [LOG] [Fast Refresh] done in 116ms @ http://localhost:3000/_next/static/chunks/03xv_next_dist_0f4_07w._.js:2477
[12210600ms] [LOG] [Fast Refresh] rebuilding @ http://localhost:3000/_next/static/chunks/03xv_next_dist_0f4_07w._.js:2477
[12211716ms] [LOG] [Fast Refresh] done in 1221ms @ http://localhost:3000/_next/static/chunks/03xv_next_dist_0f4_07w._.js:2477
[12212125ms] [LOG] [Fast Refresh] rebuilding @ http://localhost:3000/_next/static/chunks/03xv_next_dist_0f4_07w._.js:2477
[12213561ms] [LOG] [Fast Refresh] done in 1539ms @ http://localhost:3000/_next/static/chunks/03xv_next_dist_0f4_07w._.js:2477
[12213825ms] [LOG] [Fast Refresh] rebuilding @ http://localhost:3000/_next/static/chunks/03xv_next_dist_0f4_07w._.js:2477
[12214535ms] [LOG] [Fast Refresh] done in 810ms @ http://localhost:3000/_next/static/chunks/03xv_next_dist_0f4_07w._.js:2477
[12214922ms] [LOG] [Fast Refresh] rebuilding @ http://localhost:3000/_next/static/chunks/03xv_next_dist_0f4_07w._.js:2477
[12215549ms] [LOG] [Fast Refresh] done in 727ms @ http://localhost:3000/_next/static/chunks/03xv_next_dist_0f4_07w._.js:2477
[12216582ms] [LOG] [Fast Refresh] rebuilding @ http://localhost:3000/_next/static/chunks/03xv_next_dist_0f4_07w._.js:2477
[12216592ms] [LOG] [Fast Refresh] done in 110ms @ http://localhost:3000/_next/static/chunks/03xv_next_dist_0f4_07w._.js:2477
[12216710ms] [LOG] [Fast Refresh] rebuilding @ http://localhost:3000/_next/static/chunks/03xv_next_dist_0f4_07w._.js:2477
[12217444ms] [LOG] [Fast Refresh] done in 835ms @ http://localhost:3000/_next/static/chunks/03xv_next_dist_0f4_07w._.js:2477
[12217550ms] [LOG] [Fast Refresh] rebuilding @ http://localhost:3000/_next/static/chunks/03xv_next_dist_0f4_07w._.js:2477
[12217675ms] [LOG] [Fast Refresh] done in 227ms @ http://localhost:3000/_next/static/chunks/03xv_next_dist_0f4_07w._.js:2477
[12217851ms] [LOG] [Fast Refresh] rebuilding @ http://localhost:3000/_next/static/chunks/03xv_next_dist_0f4_07w._.js:2477
[12217872ms] [LOG] [Fast Refresh] done in 124ms @ http://localhost:3000/_next/static/chunks/03xv_next_dist_0f4_07w._.js:2477
[12217992ms] [LOG] [Fast Refresh] rebuilding @ http://localhost:3000/_next/static/chunks/03xv_next_dist_0f4_07w._.js:2477
[12218000ms] [LOG] [Fast Refresh] done in 112ms @ http://localhost:3000/_next/static/chunks/03xv_next_dist_0f4_07w._.js:2477
[12218101ms] [LOG] [Fast Refresh] rebuilding @ http://localhost:3000/_next/static/chunks/03xv_next_dist_0f4_07w._.js:2477
[12218103ms] [LOG] [Fast Refresh] done in 102ms @ http://localhost:3000/_next/static/chunks/03xv_next_dist_0f4_07w._.js:2477
[12218451ms] [LOG] [Fast Refresh] rebuilding @ http://localhost:3000/_next/static/chunks/03xv_next_dist_0f4_07w._.js:2477
[12218465ms] [LOG] [Fast Refresh] done in 115ms @ http://localhost:3000/_next/static/chunks/03xv_next_dist_0f4_07w._.js:2477
[12218815ms] [LOG] [Fast Refresh] rebuilding @ http://localhost:3000/_next/static/chunks/03xv_next_dist_0f4_07w._.js:2477
[12218817ms] [LOG] [Fast Refresh] done in 106ms @ http://localhost:3000/_next/static/chunks/03xv_next_dist_0f4_07w._.js:2477
[12220469ms] [LOG] [Fast Refresh] rebuilding @ http://localhost:3000/_next/static/chunks/03xv_next_dist_0f4_07w._.js:2477
[12220751ms] [LOG] [Fast Refresh] done in 392ms @ http://localhost:3000/_next/static/chunks/03xv_next_dist_0f4_07w._.js:2477
[12221300ms] [LOG] [Fast Refresh] rebuilding @ http://localhost:3000/_next/static/chunks/03xv_next_dist_0f4_07w._.js:2477
[12221734ms] [LOG] [Fast Refresh] done in 534ms @ http://localhost:3000/_next/static/chunks/03xv_next_dist_0f4_07w._.js:2477
[12221875ms] [LOG] [Fast Refresh] rebuilding @ http://localhost:3000/_next/static/chunks/03xv_next_dist_0f4_07w._.js:2477
[12222142ms] [LOG] [Fast Refresh] done in 370ms @ http://localhost:3000/_next/static/chunks/03xv_next_dist_0f4_07w._.js:2477
[12222311ms] [LOG] [Fast Refresh] rebuilding @ http://localhost:3000/_next/static/chunks/03xv_next_dist_0f4_07w._.js:2477
[12222410ms] [LOG] [Fast Refresh] done in 199ms @ http://localhost:3000/_next/static/chunks/03xv_next_dist_0f4_07w._.js:2477
[12224665ms] [LOG] [Fast Refresh] rebuilding @ http://localhost:3000/_next/static/chunks/03xv_next_dist_0f4_07w._.js:2477
[12224975ms] [LOG] [Fast Refresh] done in 408ms @ http://localhost:3000/_next/static/chunks/03xv_next_dist_0f4_07w._.js:2477
[12225496ms] [LOG] [Fast Refresh] rebuilding @ http://localhost:3000/_next/static/chunks/03xv_next_dist_0f4_07w._.js:2477
[12225950ms] [LOG] [Fast Refresh] done in 554ms @ http://localhost:3000/_next/static/chunks/03xv_next_dist_0f4_07w._.js:2477
[12226080ms] [LOG] [Fast Refresh] rebuilding @ http://localhost:3000/_next/static/chunks/03xv_next_dist_0f4_07w._.js:2477
[12226149ms] [LOG] [Fast Refresh] done in 168ms @ http://localhost:3000/_next/static/chunks/03xv_next_dist_0f4_07w._.js:2477
[12226250ms] [LOG] [Fast Refresh] rebuilding @ http://localhost:3000/_next/static/chunks/03xv_next_dist_0f4_07w._.js:2477
[12226318ms] [LOG] [Fast Refresh] done in 168ms @ http://localhost:3000/_next/static/chunks/03xv_next_dist_0f4_07w._.js:2477
[12226454ms] [LOG] [Fast Refresh] rebuilding @ http://localhost:3000/_next/static/chunks/03xv_next_dist_0f4_07w._.js:2477
[12226498ms] [LOG] [Fast Refresh] done in 145ms @ http://localhost:3000/_next/static/chunks/03xv_next_dist_0f4_07w._.js:2477
[12228562ms] [LOG] [Fast Refresh] rebuilding @ http://localhost:3000/_next/static/chunks/03xv_next_dist_0f4_07w._.js:2477
[12228854ms] [LOG] [Fast Refresh] done in 397ms @ http://localhost:3000/_next/static/chunks/03xv_next_dist_0f4_07w._.js:2477
[12229404ms] [LOG] [Fast Refresh] rebuilding @ http://localhost:3000/_next/static/chunks/03xv_next_dist_0f4_07w._.js:2477
[12229914ms] [LOG] [Fast Refresh] done in 613ms @ http://localhost:3000/_next/static/chunks/03xv_next_dist_0f4_07w._.js:2477
[12230049ms] [LOG] [Fast Refresh] rebuilding @ http://localhost:3000/_next/static/chunks/03xv_next_dist_0f4_07w._.js:2477
[12230182ms] [LOG] [Fast Refresh] done in 235ms @ http://localhost:3000/_next/static/chunks/03xv_next_dist_0f4_07w._.js:2477
[12230480ms] [LOG] [Fast Refresh] rebuilding @ http://localhost:3000/_next/static/chunks/03xv_next_dist_0f4_07w._.js:2477
[12230538ms] [LOG] [Fast Refresh] done in 159ms @ http://localhost:3000/_next/static/chunks/03xv_next_dist_0f4_07w._.js:2477
[12232470ms] [LOG] [Fast Refresh] rebuilding @ http://localhost:3000/_next/static/chunks/03xv_next_dist_0f4_07w._.js:2477
[12232759ms] [LOG] [Fast Refresh] done in 396ms @ http://localhost:3000/_next/static/chunks/03xv_next_dist_0f4_07w._.js:2477
[12233304ms] [LOG] [Fast Refresh] rebuilding @ http://localhost:3000/_next/static/chunks/03xv_next_dist_0f4_07w._.js:2477
[12233745ms] [LOG] [Fast Refresh] done in 542ms @ http://localhost:3000/_next/static/chunks/03xv_next_dist_0f4_07w._.js:2477
[12233884ms] [LOG] [Fast Refresh] rebuilding @ http://localhost:3000/_next/static/chunks/03xv_next_dist_0f4_07w._.js:2477
[12234021ms] [LOG] [Fast Refresh] done in 241ms @ http://localhost:3000/_next/static/chunks/03xv_next_dist_0f4_07w._.js:2477
[12234292ms] [LOG] [Fast Refresh] rebuilding @ http://localhost:3000/_next/static/chunks/03xv_next_dist_0f4_07w._.js:2477
[12234348ms] [LOG] [Fast Refresh] done in 160ms @ http://localhost:3000/_next/static/chunks/03xv_next_dist_0f4_07w._.js:2477
[12236178ms] [LOG] [Fast Refresh] rebuilding @ http://localhost:3000/_next/static/chunks/03xv_next_dist_0f4_07w._.js:2477
[12236449ms] [LOG] [Fast Refresh] done in 378ms @ http://localhost:3000/_next/static/chunks/03xv_next_dist_0f4_07w._.js:2477
[12236979ms] [LOG] [Fast Refresh] rebuilding @ http://localhost:3000/_next/static/chunks/03xv_next_dist_0f4_07w._.js:2477
[12237513ms] [LOG] [Fast Refresh] done in 639ms @ http://localhost:3000/_next/static/chunks/03xv_next_dist_0f4_07w._.js:2477
[12237737ms] [LOG] [Fast Refresh] rebuilding @ http://localhost:3000/_next/static/chunks/03xv_next_dist_0f4_07w._.js:2477
[12237771ms] [LOG] [Fast Refresh] done in 135ms @ http://localhost:3000/_next/static/chunks/03xv_next_dist_0f4_07w._.js:2477
[12237875ms] [LOG] [Fast Refresh] rebuilding @ http://localhost:3000/_next/static/chunks/03xv_next_dist_0f4_07w._.js:2477
[12237943ms] [LOG] [Fast Refresh] done in 172ms @ http://localhost:3000/_next/static/chunks/03xv_next_dist_0f4_07w._.js:2477
[12239270ms] [LOG] [Fast Refresh] rebuilding @ http://localhost:3000/_next/static/chunks/03xv_next_dist_0f4_07w._.js:2477
[12239542ms] [LOG] [Fast Refresh] done in 375ms @ http://localhost:3000/_next/static/chunks/03xv_next_dist_0f4_07w._.js:2477
[12240051ms] [LOG] [Fast Refresh] rebuilding @ http://localhost:3000/_next/static/chunks/03xv_next_dist_0f4_07w._.js:2477
[12240487ms] [LOG] [Fast Refresh] done in 538ms @ http://localhost:3000/_next/static/chunks/03xv_next_dist_0f4_07w._.js:2477
[12240624ms] [LOG] [Fast Refresh] rebuilding @ http://localhost:3000/_next/static/chunks/03xv_next_dist_0f4_07w._.js:2477
[12240756ms] [LOG] [Fast Refresh] done in 237ms @ http://localhost:3000/_next/static/chunks/03xv_next_dist_0f4_07w._.js:2477
[12241042ms] [LOG] [Fast Refresh] rebuilding @ http://localhost:3000/_next/static/chunks/03xv_next_dist_0f4_07w._.js:2477
[12241096ms] [LOG] [Fast Refresh] done in 154ms @ http://localhost:3000/_next/static/chunks/03xv_next_dist_0f4_07w._.js:2477
[12248726ms] [LOG] [Fast Refresh] rebuilding @ http://localhost:3000/_next/static/chunks/03xv_next_dist_0f4_07w._.js:2477
[12248974ms] [LOG] [Fast Refresh] done in 357ms @ http://localhost:3000/_next/static/chunks/03xv_next_dist_0f4_07w._.js:2477
[12249521ms] [LOG] [Fast Refresh] rebuilding @ http://localhost:3000/_next/static/chunks/03xv_next_dist_0f4_07w._.js:2477
[12249911ms] [LOG] [Fast Refresh] done in 493ms @ http://localhost:3000/_next/static/chunks/03xv_next_dist_0f4_07w._.js:2477
[12250129ms] [LOG] [Fast Refresh] rebuilding @ http://localhost:3000/_next/static/chunks/03xv_next_dist_0f4_07w._.js:2477
[12250189ms] [LOG] [Fast Refresh] done in 161ms @ http://localhost:3000/_next/static/chunks/03xv_next_dist_0f4_07w._.js:2477
[12252730ms] [LOG] [Fast Refresh] rebuilding @ http://localhost:3000/_next/static/chunks/03xv_next_dist_0f4_07w._.js:2477
[12253023ms] [LOG] [Fast Refresh] done in 386ms @ http://localhost:3000/_next/static/chunks/03xv_next_dist_0f4_07w._.js:2477
[12253645ms] [LOG] [Fast Refresh] rebuilding @ http://localhost:3000/_next/static/chunks/03xv_next_dist_0f4_07w._.js:2477
[12254608ms] [LOG] [Fast Refresh] done in 1064ms @ http://localhost:3000/_next/static/chunks/03xv_next_dist_0f4_07w._.js:2477
[12254792ms] [LOG] [Fast Refresh] rebuilding @ http://localhost:3000/_next/static/chunks/03xv_next_dist_0f4_07w._.js:2477
[12254806ms] [LOG] [Fast Refresh] done in 117ms @ http://localhost:3000/_next/static/chunks/03xv_next_dist_0f4_07w._.js:2477
[12255935ms] [LOG] [Fast Refresh] rebuilding @ http://localhost:3000/_next/static/chunks/03xv_next_dist_0f4_07w._.js:2477
[12256226ms] [LOG] [Fast Refresh] done in 382ms @ http://localhost:3000/_next/static/chunks/03xv_next_dist_0f4_07w._.js:2477
[12256748ms] [LOG] [Fast Refresh] rebuilding @ http://localhost:3000/_next/static/chunks/03xv_next_dist_0f4_07w._.js:2477
[12257108ms] [LOG] [Fast Refresh] done in 461ms @ http://localhost:3000/_next/static/chunks/03xv_next_dist_0f4_07w._.js:2477
[12257240ms] [LOG] [Fast Refresh] rebuilding @ http://localhost:3000/_next/static/chunks/03xv_next_dist_0f4_07w._.js:2477
[12257339ms] [LOG] [Fast Refresh] done in 201ms @ http://localhost:3000/_next/static/chunks/03xv_next_dist_0f4_07w._.js:2477
