[    2137ms] [INFO] %cDownload the React DevTools for a better development experience: https://react.dev/link/react-devtools font-weight:bold @ http://localhost:3000/_next/static/chunks/03xv_next_dist_0f4_07w._.js:2477
[    2173ms] [LOG] [HMR] connected @ http://localhost:3000/_next/static/chunks/03xv_next_dist_0f4_07w._.js:2477
[   13855ms] [LOG] [Fast Refresh] rebuilding @ http://localhost:3000/_next/static/chunks/03xv_next_dist_0f4_07w._.js:2477
[   14299ms] [LOG] [Fast Refresh] done in 545ms @ http://localhost:3000/_next/static/chunks/03xv_next_dist_0f4_07w._.js:2477
[   28772ms] [LOG] [Fast Refresh] rebuilding @ http://localhost:3000/_next/static/chunks/03xv_next_dist_0f4_07w._.js:2477
[   29214ms] [LOG] [Fast Refresh] done in 544ms @ http://localhost:3000/_next/static/chunks/03xv_next_dist_0f4_07w._.js:2477
[   53982ms] [LOG] [Fast Refresh] rebuilding @ http://localhost:3000/_next/static/chunks/03xv_next_dist_0f4_07w._.js:2477
[   54456ms] [LOG] [Fast Refresh] done in 577ms @ http://localhost:3000/_next/static/chunks/03xv_next_dist_0f4_07w._.js:2477
[   68246ms] [LOG] [Fast Refresh] rebuilding @ http://localhost:3000/_next/static/chunks/03xv_next_dist_0f4_07w._.js:2477
[   68674ms] [LOG] [Fast Refresh] done in 529ms @ http://localhost:3000/_next/static/chunks/03xv_next_dist_0f4_07w._.js:2477
[   77362ms] [LOG] [Fast Refresh] rebuilding @ http://localhost:3000/_next/static/chunks/03xv_next_dist_0f4_07w._.js:2477
[   77440ms] [LOG] [Fast Refresh] done in 182ms @ http://localhost:3000/_next/static/chunks/03xv_next_dist_0f4_07w._.js:2477
[   84789ms] [LOG] [Fast Refresh] rebuilding @ http://localhost:3000/_next/static/chunks/03xv_next_dist_0f4_07w._.js:2477
[   85247ms] [LOG] [Fast Refresh] done in 571ms @ http://localhost:3000/_next/static/chunks/03xv_next_dist_0f4_07w._.js:2477
[   94858ms] [LOG] [Fast Refresh] rebuilding @ http://localhost:3000/_next/static/chunks/03xv_next_dist_0f4_07w._.js:2477
[   95313ms] [LOG] [Fast Refresh] done in 556ms @ http://localhost:3000/_next/static/chunks/03xv_next_dist_0f4_07w._.js:2477
[  106043ms] [LOG] [Fast Refresh] rebuilding @ http://localhost:3000/_next/static/chunks/03xv_next_dist_0f4_07w._.js:2477
[  106140ms] [LOG] [Fast Refresh] done in 199ms @ http://localhost:3000/_next/static/chunks/03xv_next_dist_0f4_07w._.js:2477
[  112720ms] [LOG] [Fast Refresh] rebuilding @ http://localhost:3000/_next/static/chunks/03xv_next_dist_0f4_07w._.js:2477
[  113170ms] [LOG] [Fast Refresh] done in 552ms @ http://localhost:3000/_next/static/chunks/03xv_next_dist_0f4_07w._.js:2477
[  123259ms] [LOG] [Fast Refresh] rebuilding @ http://localhost:3000/_next/static/chunks/03xv_next_dist_0f4_07w._.js:2477
[  123337ms] [LOG] [Fast Refresh] done in 181ms @ http://localhost:3000/_next/static/chunks/03xv_next_dist_0f4_07w._.js:2477
[  133765ms] [LOG] [Fast Refresh] rebuilding @ http://localhost:3000/_next/static/chunks/03xv_next_dist_0f4_07w._.js:2477
[  134241ms] [LOG] [Fast Refresh] done in 578ms @ http://localhost:3000/_next/static/chunks/03xv_next_dist_0f4_07w._.js:2477
[  147631ms] [LOG] [Fast Refresh] rebuilding @ http://localhost:3000/_next/static/chunks/03xv_next_dist_0f4_07w._.js:2477
[  148057ms] [LOG] [Fast Refresh] done in 528ms @ http://localhost:3000/_next/static/chunks/03xv_next_dist_0f4_07w._.js:2477
[  162749ms] [LOG] [Fast Refresh] rebuilding @ http://localhost:3000/_next/static/chunks/03xv_next_dist_0f4_07w._.js:2477
[  163180ms] [LOG] [Fast Refresh] done in 533ms @ http://localhost:3000/_next/static/chunks/03xv_next_dist_0f4_07w._.js:2477
[  199923ms] [LOG] [Fast Refresh] rebuilding @ http://localhost:3000/_next/static/chunks/03xv_next_dist_0f4_07w._.js:2477
[  200163ms] [LOG] [Fast Refresh] done in 308ms @ http://localhost:3000/_next/static/chunks/03xv_next_dist_0f4_07w._.js:2477
[  201024ms] [LOG] [Fast Refresh] rebuilding @ http://localhost:3000/_next/static/chunks/03xv_next_dist_0f4_07w._.js:2477
[  201407ms] [LOG] [Fast Refresh] done in 485ms @ http://localhost:3000/_next/static/chunks/03xv_next_dist_0f4_07w._.js:2477
[  201529ms] [LOG] [Fast Refresh] rebuilding @ http://localhost:3000/_next/static/chunks/03xv_next_dist_0f4_07w._.js:2477
[  201575ms] [LOG] [Fast Refresh] done in 145ms @ http://localhost:3000/_next/static/chunks/03xv_next_dist_0f4_07w._.js:2477
[  205417ms] [LOG] [Fast Refresh] rebuilding @ http://localhost:3000/_next/static/chunks/03xv_next_dist_0f4_07w._.js:2477
[  205427ms] [LOG] [Fast Refresh] done in 118ms @ http://localhost:3000/_next/static/chunks/03xv_next_dist_0f4_07w._.js:2477
[  206485ms] [INFO] %cDownload the React DevTools for a better development experience: https://react.dev/link/react-devtools font-weight:bold @ http://localhost:3000/_next/static/chunks/03xv_next_dist_0f4_07w._.js:2477
[  206516ms] [LOG] [HMR] connected @ http://localhost:3000/_next/static/chunks/03xv_next_dist_0f4_07w._.js:2477
[  206728ms] [LOG] [Fast Refresh] rebuilding @ http://localhost:3000/_next/static/chunks/03xv_next_dist_0f4_07w._.js:2477
[  206800ms] [LOG] [Fast Refresh] done in 173ms @ http://localhost:3000/_next/static/chunks/03xv_next_dist_0f4_07w._.js:2477
[  216357ms] [LOG] [Fast Refresh] rebuilding @ http://localhost:3000/_next/static/chunks/03xv_next_dist_0f4_07w._.js:2477
[  216796ms] [LOG] [Fast Refresh] done in 542ms @ http://localhost:3000/_next/static/chunks/03xv_next_dist_0f4_07w._.js:2477
