[     586ms] [LOG] [Fast Refresh] rebuilding @ http://localhost:3000/_next/static/chunks/03xv_next_dist_0f4_07w._.js:2477
[     741ms] [LOG] [Fast Refresh] done in 260ms @ http://localhost:3000/_next/static/chunks/03xv_next_dist_0f4_07w._.js:2477
[     852ms] [LOG] [Fast Refresh] rebuilding @ http://localhost:3000/_next/static/chunks/03xv_next_dist_0f4_07w._.js:2477
[     915ms] [LOG] [Fast Refresh] done in 174ms @ http://localhost:3000/_next/static/chunks/03xv_next_dist_0f4_07w._.js:2477
[    1538ms] [INFO] %cDownload the React DevTools for a better development experience: https://react.dev/link/react-devtools font-weight:bold @ http://localhost:3000/_next/static/chunks/03xv_next_dist_0f4_07w._.js:2477
[    1562ms] [LOG] [HMR] connected @ http://localhost:3000/_next/static/chunks/03xv_next_dist_0f4_07w._.js:2477
[    1808ms] [LOG] [Fast Refresh] rebuilding @ http://localhost:3000/_next/static/chunks/03xv_next_dist_0f4_07w._.js:2477
[    1927ms] [LOG] [Fast Refresh] done in 219ms @ http://localhost:3000/_next/static/chunks/03xv_next_dist_0f4_07w._.js:2477
[   12400ms] [LOG] [Fast Refresh] rebuilding @ http://localhost:3000/_next/static/chunks/03xv_next_dist_0f4_07w._.js:2477
[   13291ms] [LOG] [Fast Refresh] done in 1003ms @ http://localhost:3000/_next/static/chunks/03xv_next_dist_0f4_07w._.js:2477
[ 1011428ms] [LOG] [Fast Refresh] rebuilding @ http://localhost:3000/_next/static/chunks/03xv_next_dist_0f4_07w._.js:2477
[ 1011489ms] [LOG] [Fast Refresh] done in 175ms @ http://localhost:3000/_next/static/chunks/03xv_next_dist_0f4_07w._.js:2477
[ 2256174ms] [LOG] [Fast Refresh] rebuilding @ http://localhost:3000/_next/static/chunks/03xv_next_dist_0f4_07w._.js:2477
[ 2256266ms] [LOG] [Fast Refresh] done in 205ms @ http://localhost:3000/_next/static/chunks/03xv_next_dist_0f4_07w._.js:2477
[ 2385645ms] [LOG] [Fast Refresh] rebuilding @ http://localhost:3000/_next/static/chunks/03xv_next_dist_0f4_07w._.js:2477
[ 2385646ms] [LOG] [Fast Refresh] done in 103ms @ http://localhost:3000/_next/static/chunks/03xv_next_dist_0f4_07w._.js:2477
[ 2439228ms] [LOG] [Fast Refresh] rebuilding @ http://localhost:3000/_next/static/chunks/03xv_next_dist_0f4_07w._.js:2477
[ 2439455ms] [LOG] [Fast Refresh] done in 330ms @ http://localhost:3000/_next/static/chunks/03xv_next_dist_0f4_07w._.js:2477
[ 2440907ms] [LOG] [Fast Refresh] rebuilding @ http://localhost:3000/_next/static/chunks/03xv_next_dist_0f4_07w._.js:2477
[ 2441302ms] [LOG] [Fast Refresh] done in 499ms @ http://localhost:3000/_next/static/chunks/03xv_next_dist_0f4_07w._.js:2477
[ 2441453ms] [LOG] [Fast Refresh] rebuilding @ http://localhost:3000/_next/static/chunks/03xv_next_dist_0f4_07w._.js:2477
[ 2441571ms] [LOG] [Fast Refresh] done in 220ms @ http://localhost:3000/_next/static/chunks/03xv_next_dist_0f4_07w._.js:2477
[ 2447763ms] [LOG] [Fast Refresh] rebuilding @ http://localhost:3000/_next/static/chunks/03xv_next_dist_0f4_07w._.js:2477
[ 2447973ms] [LOG] [Fast Refresh] done in 307ms @ http://localhost:3000/_next/static/chunks/03xv_next_dist_0f4_07w._.js:2477
[ 2448490ms] [LOG] [Fast Refresh] rebuilding @ http://localhost:3000/_next/static/chunks/03xv_next_dist_0f4_07w._.js:2477
[ 2448939ms] [LOG] [Fast Refresh] done in 552ms @ http://localhost:3000/_next/static/chunks/03xv_next_dist_0f4_07w._.js:2477
[ 2772038ms] [LOG] [Fast Refresh] rebuilding @ http://localhost:3000/_next/static/chunks/03xv_next_dist_0f4_07w._.js:2477
[ 2772266ms] [LOG] [Fast Refresh] done in 333ms @ http://localhost:3000/_next/static/chunks/03xv_next_dist_0f4_07w._.js:2477
[ 2773288ms] [LOG] [Fast Refresh] rebuilding @ http://localhost:3000/_next/static/chunks/03xv_next_dist_0f4_07w._.js:2477
[ 2774116ms] [LOG] [Fast Refresh] done in 932ms @ http://localhost:3000/_next/static/chunks/03xv_next_dist_0f4_07w._.js:2477
[ 2821293ms] [LOG] [Fast Refresh] rebuilding @ http://localhost:3000/_next/static/chunks/03xv_next_dist_0f4_07w._.js:2477
[ 2821325ms] [LOG] [Fast Refresh] done in 144ms @ http://localhost:3000/_next/static/chunks/03xv_next_dist_0f4_07w._.js:2477
