[    1087ms] [INFO] %cDownload the React DevTools for a better development experience: https://react.dev/link/react-devtools font-weight:bold @ http://localhost:3000/_next/static/chunks/03xv_next_dist_0f4_07w._.js:2477
[    1115ms] [LOG] [HMR] connected @ http://localhost:3000/_next/static/chunks/03xv_next_dist_0f4_07w._.js:2477
[    1255ms] [LOG] [Fast Refresh] rebuilding @ http://localhost:3000/_next/static/chunks/03xv_next_dist_0f4_07w._.js:2477
[    1363ms] [LOG] [Fast Refresh] done in 219ms @ http://localhost:3000/_next/static/chunks/03xv_next_dist_0f4_07w._.js:2477
[  132491ms] [LOG] [Fast Refresh] rebuilding @ http://localhost:3000/_next/static/chunks/03xv_next_dist_0f4_07w._.js:2477
[  132554ms] [LOG] [Fast Refresh] done in 176ms @ http://localhost:3000/_next/static/chunks/03xv_next_dist_0f4_07w._.js:2477
[  132802ms] [LOG] [Fast Refresh] rebuilding @ http://localhost:3000/_next/static/chunks/03xv_next_dist_0f4_07w._.js:2477
[  132876ms] [LOG] [Fast Refresh] done in 173ms @ http://localhost:3000/_next/static/chunks/03xv_next_dist_0f4_07w._.js:2477
[  132979ms] [INFO] %cDownload the React DevTools for a better development experience: https://react.dev/link/react-devtools font-weight:bold @ http://localhost:3000/_next/static/chunks/03xv_next_dist_0f4_07w._.js:2477
[  133008ms] [LOG] [HMR] connected @ http://localhost:3000/_next/static/chunks/03xv_next_dist_0f4_07w._.js:2477
[  133019ms] [WARNING] %c%s%c @supabase/ssr: could not base64url-decode chunked cookie value, treating as absent. Cookie chunks may have been written partially across responses. background: #e6e6e6;background: light-dark(rgba(0,0,0,0.1), rgba(255,255,255,0.25));color: #000000;color: light-dark(#000000, #ffffff);border-radius: 2px  Server   Error: Invalid UTF-8 sequence
    at stringFromUTF8 (about://React/Server/C:%5CUsers%5Cfedet%5CDocuments%5CGitHub%5Cgymcontrol%5C.next%5Cdev%5Cserver%5Cchunks%5Cssr%5C00wg__pnpm_044ikdl._.js?0:10114:19)
    at stringFromBase64URL (about://React/Server/C:%5CUsers%5Cfedet%5CDocuments%5CGitHub%5Cgymcontrol%5C.next%5Cdev%5Cserver%5Cchunks%5Cssr%5C00wg__pnpm_044ikdl._.js?1:10046:17)
    at decodeChunkedCookieValue (about://React/Server/C:%5CUsers%5Cfedet%5CDocuments%5CGitHub%5Cgymcontrol%5C.next%5Cdev%5Cserver%5Cchunks%5Cssr%5C00wg__pnpm_044ikdl._.js?2:10160:364)
    at Object.getItem (about://React/Server/C:%5CUsers%5Cfedet%5CDocuments%5CGitHub%5Cgymcontrol%5C.next%5Cdev%5Cserver%5Cchunks%5Cssr%5C00wg__pnpm_044ikdl._.js?3:10419:24)
    at getItemAsync (about://React/Server/C:%5CUsers%5Cfedet%5CDocuments%5CGitHub%5Cgymcontrol%5C.next%5Cdev%5Cserver%5Cchunks%5Cssr%5C01ca_@supabase_auth-js_dist_module_0tw8y44._.js?4:594:19)
    at SupabaseAuthClient.__loadSession (about://React/Server/C:%5CUsers%5Cfedet%5CDocuments%5CGitHub%5Cgymcontrol%5C.next%5Cdev%5Cserver%5Cchunks%5Cssr%5C01ca_@supabase_auth-js_dist_module_0tw8y44._.js?5:6071:34)
    at SupabaseAuthClient._useSession (about://React/Server/C:%5CUsers%5Cfedet%5CDocuments%5CGitHub%5Cgymcontrol%5C.next%5Cdev%5Cserver%5Cchunks%5Cssr%5C01ca_@supabase_auth-js_dist_module_0tw8y44._.js?6:6054:28)
    at SupabaseAuthClient._emitInitialSession (about://React/Server/C:%5CUsers%5Cfedet%5CDocuments%5CGitHub%5Cgymcontrol%5C.next%5Cdev%5Cserver%5Cchunks%5Cssr%5C01ca_@supabase_auth-js_dist_module_0tw8y44._.js?7:7252:16)
    at resolveErrorDev (http://localhost:3000/_next/static/chunks/03xv_next_dist_compiled_react-server-dom-turbopack_0_9-04y._.js:1919:105)
    at getOutlinedModel (http://localhost:3000/_next/static/chunks/03xv_next_dist_compiled_react-server-dom-turbopack_0_9-04y._.js:1469:28)
    at parseModelString (http://localhost:3000/_next/static/chunks/03xv_next_dist_compiled_react-server-dom-turbopack_0_9-04y._.js:1584:50)
    at reviveModel (http://localhost:3000/_next/static/chunks/03xv_next_dist_compiled_react-server-dom-turbopack_0_9-04y._.js:2522:66)
    at parseModel (http://localhost:3000/_next/static/chunks/03xv_next_dist_compiled_react-server-dom-turbopack_0_9-04y._.js:2517:16)
    at initializeModelChunk (http://localhost:3000/_next/static/chunks/03xv_next_dist_compiled_react-server-dom-turbopack_0_9-04y._.js:1084:25)
    at getOutlinedModel (http://localhost:3000/_next/static/chunks/03xv_next_dist_compiled_react-server-dom-turbopack_0_9-04y._.js:1407:17)
    at parseModelString (http://localhost:3000/_next/static/chunks/03xv_next_dist_compiled_react-server-dom-turbopack_0_9-04y._.js:1639:50)
    at reviveModel (http://localhost:3000/_next/static/chunks/03xv_next_dist_compiled_react-server-dom-turbopack_0_9-04y._.js:2522:66)
    at reviveModel (http://localhost:3000/_next/static/chunks/03xv_next_dist_compiled_react-server-dom-turbopack_0_9-04y._.js:2525:61)
    at parseModel (http://localhost:3000/_next/static/chunks/03xv_next_dist_compiled_react-server-dom-turbopack_0_9-04y._.js:2517:16)
    at initializeModelChunk (http://localhost:3000/_next/static/chunks/03xv_next_dist_compiled_react-server-dom-turbopack_0_9-04y._.js:1084:25)
    at resolveConsoleEntry (http://localhost:3000/_next/static/chunks/03xv_next_dist_compiled_react-server-dom-turbopack_0_9-04y._.js:2047:96)
    at processFullStringRow (http://localhost:3000/_next/static/chunks/03xv_next_dist_compiled_react-server-dom-turbopack_0_9-04y._.js:2453:17)
    at processFullBinaryRow (http://localhost:3000/_next/static/chunks/03xv_next_dist_compiled_react-server-dom-turbopack_0_9-04y._.js:2393:9)
    at processBinaryChunk (http://localhost:3000/_next/static/chunks/03xv_next_dist_compiled_react-server-dom-turbopack_0_9-04y._.js:2502:221)
    at progress (http://localhost:3000/_next/static/chunks/03xv_next_dist_compiled_react-server-dom-turbopack_0_9-04y._.js:2676:20) @ http://localhost:3000/_next/static/chunks/03xv_next_dist_0f4_07w._.js:2477
[  133021ms] [WARNING] %c%s%c @supabase/ssr: could not base64url-decode chunked cookie value, treating as absent. Cookie chunks may have been written partially across responses. background: #e6e6e6;background: light-dark(rgba(0,0,0,0.1), rgba(255,255,255,0.25));color: #000000;color: light-dark(#000000, #ffffff);border-radius: 2px  Server   Error: Invalid UTF-8 sequence
    at stringFromUTF8 (about://React/Server/C:%5CUsers%5Cfedet%5CDocuments%5CGitHub%5Cgymcontrol%5C.next%5Cdev%5Cserver%5Cchunks%5Cssr%5C00wg__pnpm_044ikdl._.js?0:10114:19)
    at stringFromBase64URL (about://React/Server/C:%5CUsers%5Cfedet%5CDocuments%5CGitHub%5Cgymcontrol%5C.next%5Cdev%5Cserver%5Cchunks%5Cssr%5C00wg__pnpm_044ikdl._.js?1:10046:17)
    at decodeChunkedCookieValue (about://React/Server/C:%5CUsers%5Cfedet%5CDocuments%5CGitHub%5Cgymcontrol%5C.next%5Cdev%5Cserver%5Cchunks%5Cssr%5C00wg__pnpm_044ikdl._.js?2:10160:364)
    at Object.getItem (about://React/Server/C:%5CUsers%5Cfedet%5CDocuments%5CGitHub%5Cgymcontrol%5C.next%5Cdev%5Cserver%5Cchunks%5Cssr%5C00wg__pnpm_044ikdl._.js?3:10419:24)
    at getItemAsync (about://React/Server/C:%5CUsers%5Cfedet%5CDocuments%5CGitHub%5Cgymcontrol%5C.next%5Cdev%5Cserver%5Cchunks%5Cssr%5C01ca_@supabase_auth-js_dist_module_0tw8y44._.js?4:594:19)
    at SupabaseAuthClient.__loadSession (about://React/Server/C:%5CUsers%5Cfedet%5CDocuments%5CGitHub%5Cgymcontrol%5C.next%5Cdev%5Cserver%5Cchunks%5Cssr%5C01ca_@supabase_auth-js_dist_module_0tw8y44._.js?5:6071:34)
    at SupabaseAuthClient._useSession (about://React/Server/C:%5CUsers%5Cfedet%5CDocuments%5CGitHub%5Cgymcontrol%5C.next%5Cdev%5Cserver%5Cchunks%5Cssr%5C01ca_@supabase_auth-js_dist_module_0tw8y44._.js?6:6054:28)
    at SupabaseAuthClient._emitInitialSession (about://React/Server/C:%5CUsers%5Cfedet%5CDocuments%5CGitHub%5Cgymcontrol%5C.next%5Cdev%5Cserver%5Cchunks%5Cssr%5C01ca_@supabase_auth-js_dist_module_0tw8y44._.js?7:7252:16)
    at resolveErrorDev (http://localhost:3000/_next/static/chunks/03xv_next_dist_compiled_react-server-dom-turbopack_0_9-04y._.js:1919:105)
    at getOutlinedModel (http://localhost:3000/_next/static/chunks/03xv_next_dist_compiled_react-server-dom-turbopack_0_9-04y._.js:1469:28)
    at parseModelString (http://localhost:3000/_next/static/chunks/03xv_next_dist_compiled_react-server-dom-turbopack_0_9-04y._.js:1584:50)
    at reviveModel (http://localhost:3000/_next/static/chunks/03xv_next_dist_compiled_react-server-dom-turbopack_0_9-04y._.js:2522:66)
    at parseModel (http://localhost:3000/_next/static/chunks/03xv_next_dist_compiled_react-server-dom-turbopack_0_9-04y._.js:2517:16)
    at initializeModelChunk (http://localhost:3000/_next/static/chunks/03xv_next_dist_compiled_react-server-dom-turbopack_0_9-04y._.js:1084:25)
    at getOutlinedModel (http://localhost:3000/_next/static/chunks/03xv_next_dist_compiled_react-server-dom-turbopack_0_9-04y._.js:1407:17)
    at parseModelString (http://localhost:3000/_next/static/chunks/03xv_next_dist_compiled_react-server-dom-turbopack_0_9-04y._.js:1639:50)
    at reviveModel (http://localhost:3000/_next/static/chunks/03xv_next_dist_compiled_react-server-dom-turbopack_0_9-04y._.js:2522:66)
    at reviveModel (http://localhost:3000/_next/static/chunks/03xv_next_dist_compiled_react-server-dom-turbopack_0_9-04y._.js:2525:61)
    at parseModel (http://localhost:3000/_next/static/chunks/03xv_next_dist_compiled_react-server-dom-turbopack_0_9-04y._.js:2517:16)
    at initializeModelChunk (http://localhost:3000/_next/static/chunks/03xv_next_dist_compiled_react-server-dom-turbopack_0_9-04y._.js:1084:25)
    at resolveConsoleEntry (http://localhost:3000/_next/static/chunks/03xv_next_dist_compiled_react-server-dom-turbopack_0_9-04y._.js:2047:96)
    at processFullStringRow (http://localhost:3000/_next/static/chunks/03xv_next_dist_compiled_react-server-dom-turbopack_0_9-04y._.js:2453:17)
    at processFullBinaryRow (http://localhost:3000/_next/static/chunks/03xv_next_dist_compiled_react-server-dom-turbopack_0_9-04y._.js:2393:9)
    at processBinaryChunk (http://localhost:3000/_next/static/chunks/03xv_next_dist_compiled_react-server-dom-turbopack_0_9-04y._.js:2502:221)
    at progress (http://localhost:3000/_next/static/chunks/03xv_next_dist_compiled_react-server-dom-turbopack_0_9-04y._.js:2676:20) @ http://localhost:3000/_next/static/chunks/03xv_next_dist_0f4_07w._.js:2477
[  133022ms] [WARNING] %c%s%c @supabase/ssr: could not base64url-decode chunked cookie value, treating as absent. Cookie chunks may have been written partially across responses. background: #e6e6e6;background: light-dark(rgba(0,0,0,0.1), rgba(255,255,255,0.25));color: #000000;color: light-dark(#000000, #ffffff);border-radius: 2px  Server   Error: Invalid UTF-8 sequence
    at stringFromUTF8 (about://React/Server/C:%5CUsers%5Cfedet%5CDocuments%5CGitHub%5Cgymcontrol%5C.next%5Cdev%5Cserver%5Cchunks%5Cssr%5C00wg__pnpm_044ikdl._.js?0:10114:19)
    at stringFromBase64URL (about://React/Server/C:%5CUsers%5Cfedet%5CDocuments%5CGitHub%5Cgymcontrol%5C.next%5Cdev%5Cserver%5Cchunks%5Cssr%5C00wg__pnpm_044ikdl._.js?1:10046:17)
    at decodeChunkedCookieValue (about://React/Server/C:%5CUsers%5Cfedet%5CDocuments%5CGitHub%5Cgymcontrol%5C.next%5Cdev%5Cserver%5Cchunks%5Cssr%5C00wg__pnpm_044ikdl._.js?2:10160:364)
    at Object.getItem (about://React/Server/C:%5CUsers%5Cfedet%5CDocuments%5CGitHub%5Cgymcontrol%5C.next%5Cdev%5Cserver%5Cchunks%5Cssr%5C00wg__pnpm_044ikdl._.js?3:10419:24)
    at getItemAsync (about://React/Server/C:%5CUsers%5Cfedet%5CDocuments%5CGitHub%5Cgymcontrol%5C.next%5Cdev%5Cserver%5Cchunks%5Cssr%5C01ca_@supabase_auth-js_dist_module_0tw8y44._.js?4:594:19)
    at SupabaseAuthClient.__loadSession (about://React/Server/C:%5CUsers%5Cfedet%5CDocuments%5CGitHub%5Cgymcontrol%5C.next%5Cdev%5Cserver%5Cchunks%5Cssr%5C01ca_@supabase_auth-js_dist_module_0tw8y44._.js?5:6071:34)
    at SupabaseAuthClient._useSession (about://React/Server/C:%5CUsers%5Cfedet%5CDocuments%5CGitHub%5Cgymcontrol%5C.next%5Cdev%5Cserver%5Cchunks%5Cssr%5C01ca_@supabase_auth-js_dist_module_0tw8y44._.js?6:6054:28)
    at SupabaseAuthClient._getUser (about://React/Server/C:%5CUsers%5Cfedet%5CDocuments%5CGitHub%5Cgymcontrol%5C.next%5Cdev%5Cserver%5Cchunks%5Cssr%5C01ca_@supabase_auth-js_dist_module_0tw8y44._.js?9:6240:20)
    at <anonymous> (about://React/Server/C:%5CUsers%5Cfedet%5CDocuments%5CGitHub%5Cgymcontrol%5C.next%5Cdev%5Cserver%5Cchunks%5Cssr%5C01ca_@supabase_auth-js_dist_module_0tw8y44._.js?10:6224:20)
    at <anonymous> (about://React/Server/C:%5CUsers%5Cfedet%5CDocuments%5CGitHub%5Cgymcontrol%5C.next%5Cdev%5Cserver%5Cchunks%5Cssr%5C01ca_@supabase_auth-js_dist_module_0tw8y44._.js?11:6003:28)
    at resolveErrorDev (http://localhost:3000/_next/static/chunks/03xv_next_dist_compiled_react-server-dom-turbopack_0_9-04y._.js:1919:105)
    at getOutlinedModel (http://localhost:3000/_next/static/chunks/03xv_next_dist_compiled_react-server-dom-turbopack_0_9-04y._.js:1469:28)
    at parseModelString (http://localhost:3000/_next/static/chunks/03xv_next_dist_compiled_react-server-dom-turbopack_0_9-04y._.js:1584:50)
    at reviveModel (http://localhost:3000/_next/static/chunks/03xv_next_dist_compiled_react-server-dom-turbopack_0_9-04y._.js:2522:66)
    at parseModel (http://localhost:3000/_next/static/chunks/03xv_next_dist_compiled_react-server-dom-turbopack_0_9-04y._.js:2517:16)
    at initializeModelChunk (http://localhost:3000/_next/static/chunks/03xv_next_dist_compiled_react-server-dom-turbopack_0_9-04y._.js:1084:25)
    at getOutlinedModel (http://localhost:3000/_next/static/chunks/03xv_next_dist_compiled_react-server-dom-turbopack_0_9-04y._.js:1407:17)
    at parseModelString (http://localhost:3000/_next/static/chunks/03xv_next_dist_compiled_react-server-dom-turbopack_0_9-04y._.js:1639:50)
    at reviveModel (http://localhost:3000/_next/static/chunks/03xv_next_dist_compiled_react-server-dom-turbopack_0_9-04y._.js:2522:66)
    at reviveModel (http://localhost:3000/_next/static/chunks/03xv_next_dist_compiled_react-server-dom-turbopack_0_9-04y._.js:2525:61)
    at parseModel (http://localhost:3000/_next/static/chunks/03xv_next_dist_compiled_react-server-dom-turbopack_0_9-04y._.js:2517:16)
    at initializeModelChunk (http://localhost:3000/_next/static/chunks/03xv_next_dist_compiled_react-server-dom-turbopack_0_9-04y._.js:1084:25)
    at resolveConsoleEntry (http://localhost:3000/_next/static/chunks/03xv_next_dist_compiled_react-server-dom-turbopack_0_9-04y._.js:2047:96)
    at processFullStringRow (http://localhost:3000/_next/static/chunks/03xv_next_dist_compiled_react-server-dom-turbopack_0_9-04y._.js:2453:17)
    at processFullBinaryRow (http://localhost:3000/_next/static/chunks/03xv_next_dist_compiled_react-server-dom-turbopack_0_9-04y._.js:2393:9)
    at processBinaryChunk (http://localhost:3000/_next/static/chunks/03xv_next_dist_compiled_react-server-dom-turbopack_0_9-04y._.js:2502:221)
    at progress (http://localhost:3000/_next/static/chunks/03xv_next_dist_compiled_react-server-dom-turbopack_0_9-04y._.js:2676:20) @ http://localhost:3000/_next/static/chunks/03xv_next_dist_0f4_07w._.js:2477
[  133285ms] [LOG] [Fast Refresh] rebuilding @ http://localhost:3000/_next/static/chunks/03xv_next_dist_0f4_07w._.js:2477
[  133312ms] [LOG] [Fast Refresh] done in 131ms @ http://localhost:3000/_next/static/chunks/03xv_next_dist_0f4_07w._.js:2477
[  133421ms] [LOG] [Fast Refresh] rebuilding @ http://localhost:3000/_next/static/chunks/03xv_next_dist_0f4_07w._.js:2477
[  133441ms] [LOG] [Fast Refresh] done in 125ms @ http://localhost:3000/_next/static/chunks/03xv_next_dist_0f4_07w._.js:2477
[  133455ms] [WARNING] %c%s%c @supabase/ssr: could not base64url-decode chunked cookie value, treating as absent. Cookie chunks may have been written partially across responses. background: #e6e6e6;background: light-dark(rgba(0,0,0,0.1), rgba(255,255,255,0.25));color: #000000;color: light-dark(#000000, #ffffff);border-radius: 2px  Server   Error: Invalid UTF-8 sequence
    at stringFromUTF8 (about://React/Server/C:%5CUsers%5Cfedet%5CDocuments%5CGitHub%5Cgymcontrol%5C.next%5Cdev%5Cserver%5Cchunks%5Cssr%5C00wg__pnpm_044ikdl._.js?0:10114:19)
    at stringFromBase64URL (about://React/Server/C:%5CUsers%5Cfedet%5CDocuments%5CGitHub%5Cgymcontrol%5C.next%5Cdev%5Cserver%5Cchunks%5Cssr%5C00wg__pnpm_044ikdl._.js?1:10046:17)
    at decodeChunkedCookieValue (about://React/Server/C:%5CUsers%5Cfedet%5CDocuments%5CGitHub%5Cgymcontrol%5C.next%5Cdev%5Cserver%5Cchunks%5Cssr%5C00wg__pnpm_044ikdl._.js?2:10160:364)
    at Object.getItem (about://React/Server/C:%5CUsers%5Cfedet%5CDocuments%5CGitHub%5Cgymcontrol%5C.next%5Cdev%5Cserver%5Cchunks%5Cssr%5C00wg__pnpm_044ikdl._.js?3:10419:24)
    at getItemAsync (about://React/Server/C:%5CUsers%5Cfedet%5CDocuments%5CGitHub%5Cgymcontrol%5C.next%5Cdev%5Cserver%5Cchunks%5Cssr%5C01ca_@supabase_auth-js_dist_module_0tw8y44._.js?4:594:19)
    at SupabaseAuthClient.__loadSession (about://React/Server/C:%5CUsers%5Cfedet%5CDocuments%5CGitHub%5Cgymcontrol%5C.next%5Cdev%5Cserver%5Cchunks%5Cssr%5C01ca_@supabase_auth-js_dist_module_0tw8y44._.js?5:6071:34)
    at SupabaseAuthClient._useSession (about://React/Server/C:%5CUsers%5Cfedet%5CDocuments%5CGitHub%5Cgymcontrol%5C.next%5Cdev%5Cserver%5Cchunks%5Cssr%5C01ca_@supabase_auth-js_dist_module_0tw8y44._.js?6:6054:28)
    at SupabaseAuthClient._emitInitialSession (about://React/Server/C:%5CUsers%5Cfedet%5CDocuments%5CGitHub%5Cgymcontrol%5C.next%5Cdev%5Cserver%5Cchunks%5Cssr%5C01ca_@supabase_auth-js_dist_module_0tw8y44._.js?7:7252:16)
    at resolveErrorDev (http://localhost:3000/_next/static/chunks/03xv_next_dist_compiled_react-server-dom-turbopack_0_9-04y._.js:1919:105)
    at getOutlinedModel (http://localhost:3000/_next/static/chunks/03xv_next_dist_compiled_react-server-dom-turbopack_0_9-04y._.js:1469:28)
    at parseModelString (http://localhost:3000/_next/static/chunks/03xv_next_dist_compiled_react-server-dom-turbopack_0_9-04y._.js:1584:50)
    at reviveModel (http://localhost:3000/_next/static/chunks/03xv_next_dist_compiled_react-server-dom-turbopack_0_9-04y._.js:2522:66)
    at parseModel (http://localhost:3000/_next/static/chunks/03xv_next_dist_compiled_react-server-dom-turbopack_0_9-04y._.js:2517:16)
    at initializeModelChunk (http://localhost:3000/_next/static/chunks/03xv_next_dist_compiled_react-server-dom-turbopack_0_9-04y._.js:1084:25)
    at getOutlinedModel (http://localhost:3000/_next/static/chunks/03xv_next_dist_compiled_react-server-dom-turbopack_0_9-04y._.js:1407:17)
    at parseModelString (http://localhost:3000/_next/static/chunks/03xv_next_dist_compiled_react-server-dom-turbopack_0_9-04y._.js:1639:50)
    at reviveModel (http://localhost:3000/_next/static/chunks/03xv_next_dist_compiled_react-server-dom-turbopack_0_9-04y._.js:2522:66)
    at reviveModel (http://localhost:3000/_next/static/chunks/03xv_next_dist_compiled_react-server-dom-turbopack_0_9-04y._.js:2525:61)
    at parseModel (http://localhost:3000/_next/static/chunks/03xv_next_dist_compiled_react-server-dom-turbopack_0_9-04y._.js:2517:16)
    at initializeModelChunk (http://localhost:3000/_next/static/chunks/03xv_next_dist_compiled_react-server-dom-turbopack_0_9-04y._.js:1084:25)
    at resolveConsoleEntry (http://localhost:3000/_next/static/chunks/03xv_next_dist_compiled_react-server-dom-turbopack_0_9-04y._.js:2047:96)
    at processFullStringRow (http://localhost:3000/_next/static/chunks/03xv_next_dist_compiled_react-server-dom-turbopack_0_9-04y._.js:2453:17)
    at processFullBinaryRow (http://localhost:3000/_next/static/chunks/03xv_next_dist_compiled_react-server-dom-turbopack_0_9-04y._.js:2393:9)
    at processBinaryChunk (http://localhost:3000/_next/static/chunks/03xv_next_dist_compiled_react-server-dom-turbopack_0_9-04y._.js:2502:221)
    at progress (http://localhost:3000/_next/static/chunks/03xv_next_dist_compiled_react-server-dom-turbopack_0_9-04y._.js:2676:20) @ http://localhost:3000/_next/static/chunks/03xv_next_dist_0f4_07w._.js:2477
[  133456ms] [WARNING] %c%s%c @supabase/ssr: could not base64url-decode chunked cookie value, treating as absent. Cookie chunks may have been written partially across responses. background: #e6e6e6;background: light-dark(rgba(0,0,0,0.1), rgba(255,255,255,0.25));color: #000000;color: light-dark(#000000, #ffffff);border-radius: 2px  Server   Error: Invalid UTF-8 sequence
    at stringFromUTF8 (about://React/Server/C:%5CUsers%5Cfedet%5CDocuments%5CGitHub%5Cgymcontrol%5C.next%5Cdev%5Cserver%5Cchunks%5Cssr%5C00wg__pnpm_044ikdl._.js?0:10114:19)
    at stringFromBase64URL (about://React/Server/C:%5CUsers%5Cfedet%5CDocuments%5CGitHub%5Cgymcontrol%5C.next%5Cdev%5Cserver%5Cchunks%5Cssr%5C00wg__pnpm_044ikdl._.js?1:10046:17)
    at decodeChunkedCookieValue (about://React/Server/C:%5CUsers%5Cfedet%5CDocuments%5CGitHub%5Cgymcontrol%5C.next%5Cdev%5Cserver%5Cchunks%5Cssr%5C00wg__pnpm_044ikdl._.js?2:10160:364)
    at Object.getItem (about://React/Server/C:%5CUsers%5Cfedet%5CDocuments%5CGitHub%5Cgymcontrol%5C.next%5Cdev%5Cserver%5Cchunks%5Cssr%5C00wg__pnpm_044ikdl._.js?3:10419:24)
    at getItemAsync (about://React/Server/C:%5CUsers%5Cfedet%5CDocuments%5CGitHub%5Cgymcontrol%5C.next%5Cdev%5Cserver%5Cchunks%5Cssr%5C01ca_@supabase_auth-js_dist_module_0tw8y44._.js?4:594:19)
    at SupabaseAuthClient.__loadSession (about://React/Server/C:%5CUsers%5Cfedet%5CDocuments%5CGitHub%5Cgymcontrol%5C.next%5Cdev%5Cserver%5Cchunks%5Cssr%5C01ca_@supabase_auth-js_dist_module_0tw8y44._.js?5:6071:34)
    at SupabaseAuthClient._useSession (about://React/Server/C:%5CUsers%5Cfedet%5CDocuments%5CGitHub%5Cgymcontrol%5C.next%5Cdev%5Cserver%5Cchunks%5Cssr%5C01ca_@supabase_auth-js_dist_module_0tw8y44._.js?6:6054:28)
    at SupabaseAuthClient._emitInitialSession (about://React/Server/C:%5CUsers%5Cfedet%5CDocuments%5CGitHub%5Cgymcontrol%5C.next%5Cdev%5Cserver%5Cchunks%5Cssr%5C01ca_@supabase_auth-js_dist_module_0tw8y44._.js?7:7252:16)
    at resolveErrorDev (http://localhost:3000/_next/static/chunks/03xv_next_dist_compiled_react-server-dom-turbopack_0_9-04y._.js:1919:105)
    at getOutlinedModel (http://localhost:3000/_next/static/chunks/03xv_next_dist_compiled_react-server-dom-turbopack_0_9-04y._.js:1469:28)
    at parseModelString (http://localhost:3000/_next/static/chunks/03xv_next_dist_compiled_react-server-dom-turbopack_0_9-04y._.js:1584:50)
    at reviveModel (http://localhost:3000/_next/static/chunks/03xv_next_dist_compiled_react-server-dom-turbopack_0_9-04y._.js:2522:66)
    at parseModel (http://localhost:3000/_next/static/chunks/03xv_next_dist_compiled_react-server-dom-turbopack_0_9-04y._.js:2517:16)
    at initializeModelChunk (http://localhost:3000/_next/static/chunks/03xv_next_dist_compiled_react-server-dom-turbopack_0_9-04y._.js:1084:25)
    at getOutlinedModel (http://localhost:3000/_next/static/chunks/03xv_next_dist_compiled_react-server-dom-turbopack_0_9-04y._.js:1407:17)
    at parseModelString (http://localhost:3000/_next/static/chunks/03xv_next_dist_compiled_react-server-dom-turbopack_0_9-04y._.js:1639:50)
    at reviveModel (http://localhost:3000/_next/static/chunks/03xv_next_dist_compiled_react-server-dom-turbopack_0_9-04y._.js:2522:66)
    at reviveModel (http://localhost:3000/_next/static/chunks/03xv_next_dist_compiled_react-server-dom-turbopack_0_9-04y._.js:2525:61)
    at parseModel (http://localhost:3000/_next/static/chunks/03xv_next_dist_compiled_react-server-dom-turbopack_0_9-04y._.js:2517:16)
    at initializeModelChunk (http://localhost:3000/_next/static/chunks/03xv_next_dist_compiled_react-server-dom-turbopack_0_9-04y._.js:1084:25)
    at resolveConsoleEntry (http://localhost:3000/_next/static/chunks/03xv_next_dist_compiled_react-server-dom-turbopack_0_9-04y._.js:2047:96)
    at processFullStringRow (http://localhost:3000/_next/static/chunks/03xv_next_dist_compiled_react-server-dom-turbopack_0_9-04y._.js:2453:17)
    at processFullBinaryRow (http://localhost:3000/_next/static/chunks/03xv_next_dist_compiled_react-server-dom-turbopack_0_9-04y._.js:2393:9)
    at processBinaryChunk (http://localhost:3000/_next/static/chunks/03xv_next_dist_compiled_react-server-dom-turbopack_0_9-04y._.js:2502:221)
    at progress (http://localhost:3000/_next/static/chunks/03xv_next_dist_compiled_react-server-dom-turbopack_0_9-04y._.js:2676:20) @ http://localhost:3000/_next/static/chunks/03xv_next_dist_0f4_07w._.js:2477
[  133457ms] [WARNING] %c%s%c @supabase/ssr: could not base64url-decode chunked cookie value, treating as absent. Cookie chunks may have been written partially across responses. background: #e6e6e6;background: light-dark(rgba(0,0,0,0.1), rgba(255,255,255,0.25));color: #000000;color: light-dark(#000000, #ffffff);border-radius: 2px  Server   Error: Invalid UTF-8 sequence
    at stringFromUTF8 (about://React/Server/C:%5CUsers%5Cfedet%5CDocuments%5CGitHub%5Cgymcontrol%5C.next%5Cdev%5Cserver%5Cchunks%5Cssr%5C00wg__pnpm_044ikdl._.js?0:10114:19)
    at stringFromBase64URL (about://React/Server/C:%5CUsers%5Cfedet%5CDocuments%5CGitHub%5Cgymcontrol%5C.next%5Cdev%5Cserver%5Cchunks%5Cssr%5C00wg__pnpm_044ikdl._.js?1:10046:17)
    at decodeChunkedCookieValue (about://React/Server/C:%5CUsers%5Cfedet%5CDocuments%5CGitHub%5Cgymcontrol%5C.next%5Cdev%5Cserver%5Cchunks%5Cssr%5C00wg__pnpm_044ikdl._.js?2:10160:364)
    at Object.getItem (about://React/Server/C:%5CUsers%5Cfedet%5CDocuments%5CGitHub%5Cgymcontrol%5C.next%5Cdev%5Cserver%5Cchunks%5Cssr%5C00wg__pnpm_044ikdl._.js?3:10419:24)
    at getItemAsync (about://React/Server/C:%5CUsers%5Cfedet%5CDocuments%5CGitHub%5Cgymcontrol%5C.next%5Cdev%5Cserver%5Cchunks%5Cssr%5C01ca_@supabase_auth-js_dist_module_0tw8y44._.js?4:594:19)
    at SupabaseAuthClient.__loadSession (about://React/Server/C:%5CUsers%5Cfedet%5CDocuments%5CGitHub%5Cgymcontrol%5C.next%5Cdev%5Cserver%5Cchunks%5Cssr%5C01ca_@supabase_auth-js_dist_module_0tw8y44._.js?5:6071:34)
    at SupabaseAuthClient._useSession (about://React/Server/C:%5CUsers%5Cfedet%5CDocuments%5CGitHub%5Cgymcontrol%5C.next%5Cdev%5Cserver%5Cchunks%5Cssr%5C01ca_@supabase_auth-js_dist_module_0tw8y44._.js?6:6054:28)
    at SupabaseAuthClient._getUser (about://React/Server/C:%5CUsers%5Cfedet%5CDocuments%5CGitHub%5Cgymcontrol%5C.next%5Cdev%5Cserver%5Cchunks%5Cssr%5C01ca_@supabase_auth-js_dist_module_0tw8y44._.js?9:6240:20)
    at <anonymous> (about://React/Server/C:%5CUsers%5Cfedet%5CDocuments%5CGitHub%5Cgymcontrol%5C.next%5Cdev%5Cserver%5Cchunks%5Cssr%5C01ca_@supabase_auth-js_dist_module_0tw8y44._.js?10:6224:20)
    at <anonymous> (about://React/Server/C:%5CUsers%5Cfedet%5CDocuments%5CGitHub%5Cgymcontrol%5C.next%5Cdev%5Cserver%5Cchunks%5Cssr%5C01ca_@supabase_auth-js_dist_module_0tw8y44._.js?11:6003:28)
    at resolveErrorDev (http://localhost:3000/_next/static/chunks/03xv_next_dist_compiled_react-server-dom-turbopack_0_9-04y._.js:1919:105)
    at getOutlinedModel (http://localhost:3000/_next/static/chunks/03xv_next_dist_compiled_react-server-dom-turbopack_0_9-04y._.js:1469:28)
    at parseModelString (http://localhost:3000/_next/static/chunks/03xv_next_dist_compiled_react-server-dom-turbopack_0_9-04y._.js:1584:50)
    at reviveModel (http://localhost:3000/_next/static/chunks/03xv_next_dist_compiled_react-server-dom-turbopack_0_9-04y._.js:2522:66)
    at parseModel (http://localhost:3000/_next/static/chunks/03xv_next_dist_compiled_react-server-dom-turbopack_0_9-04y._.js:2517:16)
    at initializeModelChunk (http://localhost:3000/_next/static/chunks/03xv_next_dist_compiled_react-server-dom-turbopack_0_9-04y._.js:1084:25)
    at getOutlinedModel (http://localhost:3000/_next/static/chunks/03xv_next_dist_compiled_react-server-dom-turbopack_0_9-04y._.js:1407:17)
    at parseModelString (http://localhost:3000/_next/static/chunks/03xv_next_dist_compiled_react-server-dom-turbopack_0_9-04y._.js:1639:50)
    at reviveModel (http://localhost:3000/_next/static/chunks/03xv_next_dist_compiled_react-server-dom-turbopack_0_9-04y._.js:2522:66)
    at reviveModel (http://localhost:3000/_next/static/chunks/03xv_next_dist_compiled_react-server-dom-turbopack_0_9-04y._.js:2525:61)
    at parseModel (http://localhost:3000/_next/static/chunks/03xv_next_dist_compiled_react-server-dom-turbopack_0_9-04y._.js:2517:16)
    at initializeModelChunk (http://localhost:3000/_next/static/chunks/03xv_next_dist_compiled_react-server-dom-turbopack_0_9-04y._.js:1084:25)
    at resolveConsoleEntry (http://localhost:3000/_next/static/chunks/03xv_next_dist_compiled_react-server-dom-turbopack_0_9-04y._.js:2047:96)
    at processFullStringRow (http://localhost:3000/_next/static/chunks/03xv_next_dist_compiled_react-server-dom-turbopack_0_9-04y._.js:2453:17)
    at processFullBinaryRow (http://localhost:3000/_next/static/chunks/03xv_next_dist_compiled_react-server-dom-turbopack_0_9-04y._.js:2393:9)
    at processBinaryChunk (http://localhost:3000/_next/static/chunks/03xv_next_dist_compiled_react-server-dom-turbopack_0_9-04y._.js:2502:221)
    at progress (http://localhost:3000/_next/static/chunks/03xv_next_dist_compiled_react-server-dom-turbopack_0_9-04y._.js:2676:20) @ http://localhost:3000/_next/static/chunks/03xv_next_dist_0f4_07w._.js:2477
